<?xml version="1.0" encoding="UTF-8"?>
<!-- Generated by org.testng.reporters.JUnitReportReporter -->
<testsuite skipped="0" hostname="ATMECSBLRLT-138" name="testcases.TestScenarios" tests="1" failures="0" timestamp="2023-06-14T17:34:16 IST" time="33.635" errors="0">
  <testcase name="loginTest" time="33.635" classname="testcases.TestScenarios"/>
  <system-out/>
</testsuite> <!-- testcases.TestScenarios -->
