<?xml version="1.0" encoding="UTF-8"?>
<!-- Generated by org.testng.reporters.JUnitReportReporter -->
<testsuite skipped="0" hostname="ATMECSBLRLT-138" name="testcases.AdminTest" tests="1" failures="0" timestamp="2023-06-15T12:54:32 IST" time="31.897" errors="0">
  <testcase name="adminTest" time="31.897" classname="testcases.AdminTest"/>
  <system-out/>
</testsuite> <!-- testcases.AdminTest -->
