<?xml version="1.0" encoding="UTF-8"?>
<!-- Generated by org.testng.reporters.JUnitReportReporter -->
<testsuite skipped="0" hostname="ATMECSBLRLT-138" name="testcases.LoginTest" tests="1" failures="0" timestamp="2023-06-15T16:54:07 IST" time="0.168" errors="0">
  <testcase name="loginTest" time="0.168" classname="testcases.LoginTest"/>
  <system-out/>
</testsuite> <!-- testcases.LoginTest -->
